# JRE version: OpenJDK Runtime Environment (8.0_152-b06) (build 1.8.0_152-release-1136-b06)
# Java VM: OpenJDK 64-Bit Server VM (25.152-b06 mixed mode windows-amd64 compressed oops)
Heap:
 PSYoungGen      total 256512K, used 180829K [0x00000000e0000000, 0x00000000f3200000, 0x0000000100000000)
  eden space 241664K, 68% used [0x00000000e0000000,0x00000000ea220868,0x00000000eec00000)
  from space 14848K, 99% used [0x00000000f2380000,0x00000000f31f6bb8,0x00000000f3200000)
  to   space 27648K, 0% used [0x00000000efc00000,0x00000000efc00000,0x00000000f1700000)
 ParOldGen       total 261632K, used 48462K [0x00000000a0000000, 0x00000000aff80000, 0x00000000e0000000)
  object space 261632K, 18% used [0x00000000a0000000,0x00000000a2f538b8,0x00000000aff80000)
 Metaspace       used 68290K, capacity 70792K, committed 71040K, reserved 1110016K
  class space    used 9111K, capacity 9743K, committed 9856K, reserved 1048576K
GC Heap History (10 events):
Event: 5.297 GC heap before
{Heap before GC invocations=9 (full 2):
 PSYoungGen      total 150528K, used 137216K [0x00000000e0000000, 0x00000000edf00000, 0x0000000100000000)
  eden space 137216K, 100% used [0x00000000e0000000,0x00000000e8600000,0x00000000e8600000)
  from space 13312K, 0% used [0x00000000e9300000,0x00000000e9300000,0x00000000ea000000)
  to   space 13312K, 0% used [0x00000000e8600000,0x00000000e8600000,0x00000000e9300000)
 ParOldGen       total 166912K, used 16810K [0x00000000a0000000, 0x00000000aa300000, 0x00000000e0000000)
  object space 166912K, 10% used [0x00000000a0000000,0x00000000a106a830,0x00000000aa300000)
 Metaspace       used 42584K, capacity 43618K, committed 43776K, reserved 1087488K
  class space    used 5784K, capacity 6081K, committed 6144K, reserved 1048576K
Event: 5.312 GC heap after
Heap after GC invocations=9 (full 2):
 PSYoungGen      total 150528K, used 13311K [0x00000000e0000000, 0x00000000eea80000, 0x0000000100000000)
  eden space 137216K, 0% used [0x00000000e0000000,0x00000000e0000000,0x00000000e8600000)
  from space 13312K, 99% used [0x00000000e8600000,0x00000000e92ffca8,0x00000000e9300000)
  to   space 16384K, 0% used [0x00000000eda80000,0x00000000eda80000,0x00000000eea80000)
 ParOldGen       total 166912K, used 19707K [0x00000000a0000000, 0x00000000aa300000, 0x00000000e0000000)
  object space 166912K, 11% used [0x00000000a0000000,0x00000000a133ed50,0x00000000aa300000)
 Metaspace       used 42584K, capacity 43618K, committed 43776K, reserved 1087488K
  class space    used 5784K, capacity 6081K, committed 6144K, reserved 1048576K
}
Event: 6.687 GC heap before
{Heap before GC invocations=10 (full 2):
 PSYoungGen      total 150528K, used 150527K [0x00000000e0000000, 0x00000000eea80000, 0x0000000100000000)
  eden space 137216K, 100% used [0x00000000e0000000,0x00000000e8600000,0x00000000e8600000)
  from space 13312K, 99% used [0x00000000e8600000,0x00000000e92ffca8,0x00000000e9300000)
  to   space 16384K, 0% used [0x00000000eda80000,0x00000000eda80000,0x00000000eea80000)
 ParOldGen       total 166912K, used 19707K [0x00000000a0000000, 0x00000000aa300000, 0x00000000e0000000)
  object space 166912K, 11% used [0x00000000a0000000,0x00000000a133ed50,0x00000000aa300000)
 Metaspace       used 54280K, capacity 56062K, committed 56320K, reserved 1097728K
  class space    used 7450K, capacity 7917K, committed 7936K, reserved 1048576K
Event: 6.705 GC heap after
Heap after GC invocations=10 (full 2):
 PSYoungGen      total 218112K, used 16352K [0x00000000e0000000, 0x00000000ef380000, 0x0000000100000000)
  eden space 201728K, 0% used [0x00000000e0000000,0x00000000e0000000,0x00000000ec500000)
  from space 16384K, 99% used [0x00000000eda80000,0x00000000eea78078,0x00000000eea80000)
  to   space 22016K, 0% used [0x00000000ec500000,0x00000000ec500000,0x00000000eda80000)
 ParOldGen       total 166912K, used 27905K [0x00000000a0000000, 0x00000000aa300000, 0x00000000e0000000)
  object space 166912K, 16% used [0x00000000a0000000,0x00000000a1b40658,0x00000000aa300000)
 Metaspace       used 54280K, capacity 56062K, committed 56320K, reserved 1097728K
  class space    used 7450K, capacity 7917K, committed 7936K, reserved 1048576K
}
Event: 7.428 GC heap before
{Heap before GC invocations=11 (full 2):
 PSYoungGen      total 218112K, used 166936K [0x00000000e0000000, 0x00000000ef380000, 0x0000000100000000)
  eden space 201728K, 74% used [0x00000000e0000000,0x00000000e930dfa8,0x00000000ec500000)
  from space 16384K, 99% used [0x00000000eda80000,0x00000000eea78078,0x00000000eea80000)
  to   space 22016K, 0% used [0x00000000ec500000,0x00000000ec500000,0x00000000eda80000)
 ParOldGen       total 166912K, used 27905K [0x00000000a0000000, 0x00000000aa300000, 0x00000000e0000000)
  object space 166912K, 16% used [0x00000000a0000000,0x00000000a1b40658,0x00000000aa300000)
 Metaspace       used 57015K, capacity 58912K, committed 59028K, reserved 1099776K
  class space    used 7900K, capacity 8385K, committed 8448K, reserved 1048576K
Event: 7.451 GC heap after
Heap after GC invocations=11 (full 2):
 PSYoungGen      total 223744K, used 22008K [0x00000000e0000000, 0x00000000f4000000, 0x0000000100000000)
  eden space 201728K, 0% used [0x00000000e0000000,0x00000000e0000000,0x00000000ec500000)
  from space 22016K, 99% used [0x00000000ec500000,0x00000000eda7e078,0x00000000eda80000)
  to   space 29184K, 0% used [0x00000000f2380000,0x00000000f2380000,0x00000000f4000000)
 ParOldGen       total 166912K, used 38174K [0x00000000a0000000, 0x00000000aa300000, 0x00000000e0000000)
  object space 166912K, 22% used [0x00000000a0000000,0x00000000a2547900,0x00000000aa300000)
 Metaspace       used 57015K, capacity 58912K, committed 59028K, reserved 1099776K
  class space    used 7900K, capacity 8385K, committed 8448K, reserved 1048576K
}
Event: 7.451 GC heap before
{Heap before GC invocations=12 (full 3):
 PSYoungGen      total 223744K, used 22008K [0x00000000e0000000, 0x00000000f4000000, 0x0000000100000000)
  eden space 201728K, 0% used [0x00000000e0000000,0x00000000e0000000,0x00000000ec500000)
  from space 22016K, 99% used [0x00000000ec500000,0x00000000eda7e078,0x00000000eda80000)
  to   space 29184K, 0% used [0x00000000f2380000,0x00000000f2380000,0x00000000f4000000)
 ParOldGen       total 166912K, used 38174K [0x00000000a0000000, 0x00000000aa300000, 0x00000000e0000000)
  object space 166912K, 22% used [0x00000000a0000000,0x00000000a2547900,0x00000000aa300000)
 Metaspace       used 57015K, capacity 58912K, committed 59028K, reserved 1099776K
  class space    used 7900K, capacity 8385K, committed 8448K, reserved 1048576K
Event: 7.655 GC heap after
Heap after GC invocations=12 (full 3):
 PSYoungGen      total 223744K, used 0K [0x00000000e0000000, 0x00000000f4000000, 0x0000000100000000)
  eden space 201728K, 0% used [0x00000000e0000000,0x00000000e0000000,0x00000000ec500000)
  from space 22016K, 0% used [0x00000000ec500000,0x00000000ec500000,0x00000000eda80000)
  to   space 29184K, 0% used [0x00000000f2380000,0x00000000f2380000,0x00000000f4000000)
 ParOldGen       total 261632K, used 48454K [0x00000000a0000000, 0x00000000aff80000, 0x00000000e0000000)
  object space 261632K, 18% used [0x00000000a0000000,0x00000000a2f518b8,0x00000000aff80000)
 Metaspace       used 57015K, capacity 58912K, committed 59028K, reserved 1099776K
  class space    used 7900K, capacity 8385K, committed 8448K, reserved 1048576K
}
Event: 14.026 GC heap before
{Heap before GC invocations=13 (full 3):
 PSYoungGen      total 223744K, used 201728K [0x00000000e0000000, 0x00000000f4000000, 0x0000000100000000)
  eden space 201728K, 100% used [0x00000000e0000000,0x00000000ec500000,0x00000000ec500000)
  from space 22016K, 0% used [0x00000000ec500000,0x00000000ec500000,0x00000000eda80000)
  to   space 29184K, 0% used [0x00000000f2380000,0x00000000f2380000,0x00000000f4000000)
 ParOldGen       total 261632K, used 48454K [0x00000000a0000000, 0x00000000aff80000, 0x00000000e0000000)
  object space 261632K, 18% used [0x00000000a0000000,0x00000000a2f518b8,0x00000000aff80000)
 Metaspace       used 65765K, capacity 68288K, committed 68480K, reserved 1107968K
  class space    used 8827K, capacity 9477K, committed 9600K, reserved 1048576K
Event: 14.040 GC heap after
Heap after GC invocations=13 (full 3):
 PSYoungGen      total 256512K, used 14810K [0x00000000e0000000, 0x00000000f3200000, 0x0000000100000000)
  eden space 241664K, 0% used [0x00000000e0000000,0x00000000e0000000,0x00000000eec00000)
  from space 14848K, 99% used [0x00000000f2380000,0x00000000f31f6bb8,0x00000000f3200000)
  to   space 27648K, 0% used [0x00000000efc00000,0x00000000efc00000,0x00000000f1700000)
 ParOldGen       total 261632K, used 48462K [0x00000000a0000000, 0x00000000aff80000, 0x00000000e0000000)
  object space 261632K, 18% used [0x00000000a0000000,0x00000000a2f538b8,0x00000000aff80000)
 Metaspace       used 65765K, capacity 68288K, committed 68480K, reserved 1107968K
  class space    used 8827K, capacity 9477K, committed 9600K, reserved 1048576K
}

